<?xml version="1.0" encoding="UTF-8"?><testrun name="SearchMapperTest.getRecallPosts" project="myRecall" tests="1" started="1" failures="0" errors="1" ignored="0">
  <testcase name="getRecallPosts" classname="org.zerock.persistence.SearchMapperTest" time="0.438">
    <error>org.springframework.jdbc.BadSqlGrammarException: &#13;
### Error querying database.  Cause: java.sql.SQLSyntaxErrorException: ORA-00936: missing expression
&#13;
### The error may exist in org/zerock/mapper/SearchMapper.xml&#13;
### The error may involve defaultParameterMap&#13;
### The error occurred while setting parameters&#13;
### SQL: select * from (   select t.* ,rownum as rn   from(         select distinct * from recall_table where                (      brand LIKE '%' || ? || '%' or              car_name LIKE '%' || ? || '%' or                recall_reason LIKE '%' || ? || '%'   )            )t    )   where    WHERE rn &gt;=1 and rn &lt;=10&#13;
### Cause: java.sql.SQLSyntaxErrorException: ORA-00936: missing expression

; bad SQL grammar []; nested exception is java.sql.SQLSyntaxErrorException: ORA-00936: missing expression
&#13;
	at org.springframework.jdbc.support.SQLErrorCodeSQLExceptionTranslator.doTranslate(SQLErrorCodeSQLExceptionTranslator.java:234)&#13;
	at org.springframework.jdbc.support.AbstractFallbackSQLExceptionTranslator.translate(AbstractFallbackSQLExceptionTranslator.java:72)&#13;
	at org.mybatis.spring.MyBatisExceptionTranslator.translateExceptionIfPossible(MyBatisExceptionTranslator.java:73)&#13;
	at org.mybatis.spring.SqlSessionTemplate$SqlSessionInterceptor.invoke(SqlSessionTemplate.java:446)&#13;
	at com.sun.proxy.$Proxy30.selectList(Unknown Source)&#13;
	at org.mybatis.spring.SqlSessionTemplate.selectList(SqlSessionTemplate.java:230)&#13;
	at org.apache.ibatis.binding.MapperMethod.executeForMany(MapperMethod.java:139)&#13;
	at org.apache.ibatis.binding.MapperMethod.execute(MapperMethod.java:76)&#13;
	at org.apache.ibatis.binding.MapperProxy.invoke(MapperProxy.java:59)&#13;
	at com.sun.proxy.$Proxy36.getRecallPosts(Unknown Source)&#13;
	at org.zerock.persistence.SearchMapperTest.getRecallPosts(SearchMapperTest.java:54)&#13;
	at java.base/jdk.internal.reflect.NativeMethodAccessorImpl.invoke0(Native Method)&#13;
	at java.base/jdk.internal.reflect.NativeMethodAccessorImpl.invoke(NativeMethodAccessorImpl.java:62)&#13;
	at java.base/jdk.internal.reflect.DelegatingMethodAccessorImpl.invoke(DelegatingMethodAccessorImpl.java:43)&#13;
	at java.base/java.lang.reflect.Method.invoke(Method.java:566)&#13;
	at org.junit.runners.model.FrameworkMethod$1.runReflectiveCall(FrameworkMethod.java:50)&#13;
	at org.junit.internal.runners.model.ReflectiveCallable.run(ReflectiveCallable.java:12)&#13;
	at org.junit.runners.model.FrameworkMethod.invokeExplosively(FrameworkMethod.java:47)&#13;
	at org.junit.internal.runners.statements.InvokeMethod.evaluate(InvokeMethod.java:17)&#13;
	at org.springframework.test.context.junit4.statements.RunBeforeTestExecutionCallbacks.evaluate(RunBeforeTestExecutionCallbacks.java:73)&#13;
	at org.springframework.test.context.junit4.statements.RunAfterTestExecutionCallbacks.evaluate(RunAfterTestExecutionCallbacks.java:83)&#13;
	at org.springframework.test.context.junit4.statements.RunBeforeTestMethodCallbacks.evaluate(RunBeforeTestMethodCallbacks.java:75)&#13;
	at org.springframework.test.context.junit4.statements.RunAfterTestMethodCallbacks.evaluate(RunAfterTestMethodCallbacks.java:86)&#13;
	at org.springframework.test.context.junit4.statements.SpringRepeat.evaluate(SpringRepeat.java:84)&#13;
	at org.junit.runners.ParentRunner.runLeaf(ParentRunner.java:325)&#13;
	at org.springframework.test.context.junit4.SpringJUnit4ClassRunner.runChild(SpringJUnit4ClassRunner.java:251)&#13;
	at org.springframework.test.context.junit4.SpringJUnit4ClassRunner.runChild(SpringJUnit4ClassRunner.java:97)&#13;
	at org.junit.runners.ParentRunner$3.run(ParentRunner.java:290)&#13;
	at org.junit.runners.ParentRunner$1.schedule(ParentRunner.java:71)&#13;
	at org.junit.runners.ParentRunner.runChildren(ParentRunner.java:288)&#13;
	at org.junit.runners.ParentRunner.access$000(ParentRunner.java:58)&#13;
	at org.junit.runners.ParentRunner$2.evaluate(ParentRunner.java:268)&#13;
	at org.springframework.test.context.junit4.statements.RunBeforeTestClassCallbacks.evaluate(RunBeforeTestClassCallbacks.java:61)&#13;
	at org.springframework.test.context.junit4.statements.RunAfterTestClassCallbacks.evaluate(RunAfterTestClassCallbacks.java:70)&#13;
	at org.junit.runners.ParentRunner.run(ParentRunner.java:363)&#13;
	at org.springframework.test.context.junit4.SpringJUnit4ClassRunner.run(SpringJUnit4ClassRunner.java:190)&#13;
	at org.eclipse.jdt.internal.junit4.runner.JUnit4TestReference.run(JUnit4TestReference.java:93)&#13;
	at org.eclipse.jdt.internal.junit.runner.TestExecution.run(TestExecution.java:40)&#13;
	at org.eclipse.jdt.internal.junit.runner.RemoteTestRunner.runTests(RemoteTestRunner.java:529)&#13;
	at org.eclipse.jdt.internal.junit.runner.RemoteTestRunner.runTests(RemoteTestRunner.java:756)&#13;
	at org.eclipse.jdt.internal.junit.runner.RemoteTestRunner.run(RemoteTestRunner.java:452)&#13;
	at org.eclipse.jdt.internal.junit.runner.RemoteTestRunner.main(RemoteTestRunner.java:210)&#13;
Caused by: java.sql.SQLSyntaxErrorException: ORA-00936: missing expression
&#13;
	at oracle.jdbc.driver.T4CTTIoer11.processError(T4CTTIoer11.java:509)&#13;
	at oracle.jdbc.driver.T4CTTIoer11.processError(T4CTTIoer11.java:461)&#13;
	at oracle.jdbc.driver.T4C8Oall.processError(T4C8Oall.java:1104)&#13;
	at oracle.jdbc.driver.T4CTTIfun.receive(T4CTTIfun.java:550)&#13;
	at oracle.jdbc.driver.T4CTTIfun.doRPC(T4CTTIfun.java:268)&#13;
	at oracle.jdbc.driver.T4C8Oall.doOALL(T4C8Oall.java:655)&#13;
	at oracle.jdbc.driver.T4CPreparedStatement.doOall8(T4CPreparedStatement.java:270)&#13;
	at oracle.jdbc.driver.T4CPreparedStatement.doOall8(T4CPreparedStatement.java:91)&#13;
	at oracle.jdbc.driver.T4CPreparedStatement.executeForDescribe(T4CPreparedStatement.java:807)&#13;
	at oracle.jdbc.driver.OracleStatement.executeMaybeDescribe(OracleStatement.java:983)&#13;
	at oracle.jdbc.driver.OracleStatement.doExecuteWithTimeout(OracleStatement.java:1168)&#13;
	at oracle.jdbc.driver.OraclePreparedStatement.executeInternal(OraclePreparedStatement.java:3666)&#13;
	at oracle.jdbc.driver.T4CPreparedStatement.executeInternal(T4CPreparedStatement.java:1426)&#13;
	at oracle.jdbc.driver.OraclePreparedStatement.execute(OraclePreparedStatement.java:3778)&#13;
	at oracle.jdbc.driver.OraclePreparedStatementWrapper.execute(OraclePreparedStatementWrapper.java:1081)&#13;
	at net.sf.log4jdbc.sql.jdbcapi.PreparedStatementSpy.execute(PreparedStatementSpy.java:443)&#13;
	at com.zaxxer.hikari.pool.ProxyPreparedStatement.execute(ProxyPreparedStatement.java:44)&#13;
	at com.zaxxer.hikari.pool.HikariProxyPreparedStatement.execute(HikariProxyPreparedStatement.java)&#13;
	at org.apache.ibatis.executor.statement.PreparedStatementHandler.query(PreparedStatementHandler.java:63)&#13;
	at org.apache.ibatis.executor.statement.RoutingStatementHandler.query(RoutingStatementHandler.java:79)&#13;
	at org.apache.ibatis.executor.SimpleExecutor.doQuery(SimpleExecutor.java:63)&#13;
	at org.apache.ibatis.executor.BaseExecutor.queryFromDatabase(BaseExecutor.java:326)&#13;
	at org.apache.ibatis.executor.BaseExecutor.query(BaseExecutor.java:156)&#13;
	at org.apache.ibatis.executor.CachingExecutor.query(CachingExecutor.java:109)&#13;
	at org.apache.ibatis.executor.CachingExecutor.query(CachingExecutor.java:83)&#13;
	at org.apache.ibatis.session.defaults.DefaultSqlSession.selectList(DefaultSqlSession.java:148)&#13;
	at org.apache.ibatis.session.defaults.DefaultSqlSession.selectList(DefaultSqlSession.java:141)&#13;
	at java.base/jdk.internal.reflect.NativeMethodAccessorImpl.invoke0(Native Method)&#13;
	at java.base/jdk.internal.reflect.NativeMethodAccessorImpl.invoke(NativeMethodAccessorImpl.java:62)&#13;
	at java.base/jdk.internal.reflect.DelegatingMethodAccessorImpl.invoke(DelegatingMethodAccessorImpl.java:43)&#13;
	at java.base/java.lang.reflect.Method.invoke(Method.java:566)&#13;
	at org.mybatis.spring.SqlSessionTemplate$SqlSessionInterceptor.invoke(SqlSessionTemplate.java:433)&#13;
	... 38 more&#13;
Caused by: Error : 936, Position : 289, Sql = select * from (
		select t.* ,rownum as rn
		from(
		  
			select distinct * from recall_table where
		 
		 
		  
		( 
			 brand LIKE '%' || :1  || '%' or 
            car_name LIKE '%' || :2  || '%' or   
            recall_reason LIKE '%' || :3  || '%'
		)
		 
		 

		)t

		)
		where  
	WHERE rn &gt;=1 and rn &lt;=10, OriginalSql = select * from (
		select t.* ,rownum as rn
		from(
		  
			select distinct * from recall_table where
		 
		 
		  
		( 
			 brand LIKE '%' || ? || '%' or 
            car_name LIKE '%' || ? || '%' or   
            recall_reason LIKE '%' || ? || '%'
		)
		 
		 

		)t

		)
		where  
	WHERE rn &gt;=1 and rn &lt;=10, Error Msg = ORA-00936: missing expression
&#13;
	at oracle.jdbc.driver.T4CTTIoer11.processError(T4CTTIoer11.java:513)&#13;
	... 69 more&#13;
&#13;
</error>
  </testcase>
</testrun>
