<?xml version="1.0" encoding="UTF-8"?><testrun name="SearchMapperTest" project="myRecall" tests="2" started="2" failures="0" errors="1" ignored="0">
  <testsuite name="org.zerock.persistence.SearchMapperTest" time="0.594">
    <testcase name="getTotalPost" classname="org.zerock.persistence.SearchMapperTest" time="0.396"/>
    <testcase name="getRecallPosts" classname="org.zerock.persistence.SearchMapperTest" time="0.198">
      <error>org.springframework.jdbc.BadSqlGrammarException: &#13;
### Error querying database.  Cause: java.sql.SQLSyntaxErrorException: ORA-00907: missing right parenthesis
&#13;
### The error may exist in org/zerock/mapper/SearchMapper.xml&#13;
### The error may involve defaultParameterMap&#13;
### The error occurred while setting parameters&#13;
### SQL: select * from (   select t.* ,rownum as rn   from(         select distinct * from recall_table where                (     UPPER(REPLACE(brand,' ','')) LIKE UPPER('%' || ? || '%') or              UPPER(REPLACE(car_name,' ','')) LIKE UPPER('%' || ? || '%') or                UPPER(REPLACE(recall_reason,' ','') LIKE UPPER('%' || ? || '%')   )            and    (     UPPER(REPLACE(brand,' ','')) LIKE UPPER('%' || ? || '%') or              UPPER(REPLACE(car_name,' ','')) LIKE UPPER('%' || ? || '%') or                UPPER(REPLACE(recall_reason,' ','') LIKE UPPER('%' || ? || '%')   )            and    (     UPPER(REPLACE(brand,' ','')) LIKE UPPER('%' || ? || '%') or              UPPER(REPLACE(car_name,' ','')) LIKE UPPER('%' || ? || '%') or                UPPER(REPLACE(recall_reason,' ','') LIKE UPPER('%' || ? || '%')   )            order by recall_date desc   )t    )       WHERE rn &gt;=? and rn &lt;=?&#13;
### Cause: java.sql.SQLSyntaxErrorException: ORA-00907: missing right parenthesis

; bad SQL grammar []; nested exception is java.sql.SQLSyntaxErrorException: ORA-00907: missing right parenthesis
&#13;
	at org.springframework.jdbc.support.SQLExceptionSubclassTranslator.doTranslate(SQLExceptionSubclassTranslator.java:93)&#13;
	at org.springframework.jdbc.support.AbstractFallbackSQLExceptionTranslator.translate(AbstractFallbackSQLExceptionTranslator.java:72)&#13;
	at org.springframework.jdbc.support.AbstractFallbackSQLExceptionTranslator.translate(AbstractFallbackSQLExceptionTranslator.java:81)&#13;
	at org.mybatis.spring.MyBatisExceptionTranslator.translateExceptionIfPossible(MyBatisExceptionTranslator.java:73)&#13;
	at org.mybatis.spring.SqlSessionTemplate$SqlSessionInterceptor.invoke(SqlSessionTemplate.java:446)&#13;
	at com.sun.proxy.$Proxy30.selectList(Unknown Source)&#13;
	at org.mybatis.spring.SqlSessionTemplate.selectList(SqlSessionTemplate.java:230)&#13;
	at org.apache.ibatis.binding.MapperMethod.executeForMany(MapperMethod.java:139)&#13;
	at org.apache.ibatis.binding.MapperMethod.execute(MapperMethod.java:76)&#13;
	at org.apache.ibatis.binding.MapperProxy.invoke(MapperProxy.java:59)&#13;
	at com.sun.proxy.$Proxy36.getRecallPosts(Unknown Source)&#13;
	at org.zerock.persistence.SearchMapperTest.getRecallPosts(SearchMapperTest.java:54)&#13;
	at java.base/jdk.internal.reflect.NativeMethodAccessorImpl.invoke0(Native Method)&#13;
	at java.base/jdk.internal.reflect.NativeMethodAccessorImpl.invoke(NativeMethodAccessorImpl.java:62)&#13;
	at java.base/jdk.internal.reflect.DelegatingMethodAccessorImpl.invoke(DelegatingMethodAccessorImpl.java:43)&#13;
	at java.base/java.lang.reflect.Method.invoke(Method.java:566)&#13;
	at org.junit.runners.model.FrameworkMethod$1.runReflectiveCall(FrameworkMethod.java:50)&#13;
	at org.junit.internal.runners.model.ReflectiveCallable.run(ReflectiveCallable.java:12)&#13;
	at org.junit.runners.model.FrameworkMethod.invokeExplosively(FrameworkMethod.java:47)&#13;
	at org.junit.internal.runners.statements.InvokeMethod.evaluate(InvokeMethod.java:17)&#13;
	at org.springframework.test.context.junit4.statements.RunBeforeTestExecutionCallbacks.evaluate(RunBeforeTestExecutionCallbacks.java:73)&#13;
	at org.springframework.test.context.junit4.statements.RunAfterTestExecutionCallbacks.evaluate(RunAfterTestExecutionCallbacks.java:83)&#13;
	at org.springframework.test.context.junit4.statements.RunBeforeTestMethodCallbacks.evaluate(RunBeforeTestMethodCallbacks.java:75)&#13;
	at org.springframework.test.context.junit4.statements.RunAfterTestMethodCallbacks.evaluate(RunAfterTestMethodCallbacks.java:86)&#13;
	at org.springframework.test.context.junit4.statements.SpringRepeat.evaluate(SpringRepeat.java:84)&#13;
	at org.junit.runners.ParentRunner.runLeaf(ParentRunner.java:325)&#13;
	at org.springframework.test.context.junit4.SpringJUnit4ClassRunner.runChild(SpringJUnit4ClassRunner.java:251)&#13;
	at org.springframework.test.context.junit4.SpringJUnit4ClassRunner.runChild(SpringJUnit4ClassRunner.java:97)&#13;
	at org.junit.runners.ParentRunner$3.run(ParentRunner.java:290)&#13;
	at org.junit.runners.ParentRunner$1.schedule(ParentRunner.java:71)&#13;
	at org.junit.runners.ParentRunner.runChildren(ParentRunner.java:288)&#13;
	at org.junit.runners.ParentRunner.access$000(ParentRunner.java:58)&#13;
	at org.junit.runners.ParentRunner$2.evaluate(ParentRunner.java:268)&#13;
	at org.springframework.test.context.junit4.statements.RunBeforeTestClassCallbacks.evaluate(RunBeforeTestClassCallbacks.java:61)&#13;
	at org.springframework.test.context.junit4.statements.RunAfterTestClassCallbacks.evaluate(RunAfterTestClassCallbacks.java:70)&#13;
	at org.junit.runners.ParentRunner.run(ParentRunner.java:363)&#13;
	at org.springframework.test.context.junit4.SpringJUnit4ClassRunner.run(SpringJUnit4ClassRunner.java:190)&#13;
	at org.eclipse.jdt.internal.junit4.runner.JUnit4TestReference.run(JUnit4TestReference.java:93)&#13;
	at org.eclipse.jdt.internal.junit.runner.TestExecution.run(TestExecution.java:40)&#13;
	at org.eclipse.jdt.internal.junit.runner.RemoteTestRunner.runTests(RemoteTestRunner.java:529)&#13;
	at org.eclipse.jdt.internal.junit.runner.RemoteTestRunner.runTests(RemoteTestRunner.java:756)&#13;
	at org.eclipse.jdt.internal.junit.runner.RemoteTestRunner.run(RemoteTestRunner.java:452)&#13;
	at org.eclipse.jdt.internal.junit.runner.RemoteTestRunner.main(RemoteTestRunner.java:210)&#13;
Caused by: java.sql.SQLSyntaxErrorException: ORA-00907: missing right parenthesis
&#13;
	at oracle.jdbc.driver.T4CTTIoer11.processError(T4CTTIoer11.java:509)&#13;
	at oracle.jdbc.driver.T4CTTIoer11.processError(T4CTTIoer11.java:461)&#13;
	at oracle.jdbc.driver.T4C8Oall.processError(T4C8Oall.java:1104)&#13;
	at oracle.jdbc.driver.T4CTTIfun.receive(T4CTTIfun.java:550)&#13;
	at oracle.jdbc.driver.T4CTTIfun.doRPC(T4CTTIfun.java:268)&#13;
	at oracle.jdbc.driver.T4C8Oall.doOALL(T4C8Oall.java:655)&#13;
	at oracle.jdbc.driver.T4CPreparedStatement.doOall8(T4CPreparedStatement.java:270)&#13;
	at oracle.jdbc.driver.T4CPreparedStatement.doOall8(T4CPreparedStatement.java:91)&#13;
	at oracle.jdbc.driver.T4CPreparedStatement.executeForDescribe(T4CPreparedStatement.java:807)&#13;
	at oracle.jdbc.driver.OracleStatement.executeMaybeDescribe(OracleStatement.java:983)&#13;
	at oracle.jdbc.driver.OracleStatement.doExecuteWithTimeout(OracleStatement.java:1168)&#13;
	at oracle.jdbc.driver.OraclePreparedStatement.executeInternal(OraclePreparedStatement.java:3666)&#13;
	at oracle.jdbc.driver.T4CPreparedStatement.executeInternal(T4CPreparedStatement.java:1426)&#13;
	at oracle.jdbc.driver.OraclePreparedStatement.execute(OraclePreparedStatement.java:3778)&#13;
	at oracle.jdbc.driver.OraclePreparedStatementWrapper.execute(OraclePreparedStatementWrapper.java:1081)&#13;
	at net.sf.log4jdbc.sql.jdbcapi.PreparedStatementSpy.execute(PreparedStatementSpy.java:443)&#13;
	at com.zaxxer.hikari.pool.ProxyPreparedStatement.execute(ProxyPreparedStatement.java:44)&#13;
	at com.zaxxer.hikari.pool.HikariProxyPreparedStatement.execute(HikariProxyPreparedStatement.java)&#13;
	at org.apache.ibatis.executor.statement.PreparedStatementHandler.query(PreparedStatementHandler.java:63)&#13;
	at org.apache.ibatis.executor.statement.RoutingStatementHandler.query(RoutingStatementHandler.java:79)&#13;
	at org.apache.ibatis.executor.SimpleExecutor.doQuery(SimpleExecutor.java:63)&#13;
	at org.apache.ibatis.executor.BaseExecutor.queryFromDatabase(BaseExecutor.java:326)&#13;
	at org.apache.ibatis.executor.BaseExecutor.query(BaseExecutor.java:156)&#13;
	at org.apache.ibatis.executor.CachingExecutor.query(CachingExecutor.java:109)&#13;
	at org.apache.ibatis.executor.CachingExecutor.query(CachingExecutor.java:83)&#13;
	at org.apache.ibatis.session.defaults.DefaultSqlSession.selectList(DefaultSqlSession.java:148)&#13;
	at org.apache.ibatis.session.defaults.DefaultSqlSession.selectList(DefaultSqlSession.java:141)&#13;
	at java.base/jdk.internal.reflect.NativeMethodAccessorImpl.invoke0(Native Method)&#13;
	at java.base/jdk.internal.reflect.NativeMethodAccessorImpl.invoke(NativeMethodAccessorImpl.java:62)&#13;
	at java.base/jdk.internal.reflect.DelegatingMethodAccessorImpl.invoke(DelegatingMethodAccessorImpl.java:43)&#13;
	at java.base/java.lang.reflect.Method.invoke(Method.java:566)&#13;
	at org.mybatis.spring.SqlSessionTemplate$SqlSessionInterceptor.invoke(SqlSessionTemplate.java:433)&#13;
	... 38 more&#13;
Caused by: Error : 907, Position : 151, Sql = select * from (
		select t.* ,rownum as rn
		from(
		  
			select distinct * from recall_table where
		 
		 
		  
		( 
			UPPER(REPLACE(brand,' ','')) LIKE UPPER('%' || :1  || '%') or 
            UPPER(REPLACE(car_name,' ','')) LIKE UPPER('%' || :2  || '%') or   
            UPPER(REPLACE(recall_reason,' ','') LIKE UPPER('%' || :3  || '%')
		)
		 
		 
		 and 
		( 
			UPPER(REPLACE(brand,' ','')) LIKE UPPER('%' || :4  || '%') or 
            UPPER(REPLACE(car_name,' ','')) LIKE UPPER('%' || :5  || '%') or   
            UPPER(REPLACE(recall_reason,' ','') LIKE UPPER('%' || :6  || '%')
		)
		 
		 
		 and 
		( 
			UPPER(REPLACE(brand,' ','')) LIKE UPPER('%' || :7  || '%') or 
            UPPER(REPLACE(car_name,' ','')) LIKE UPPER('%' || :8  || '%') or   
            UPPER(REPLACE(recall_reason,' ','') LIKE UPPER('%' || :9  || '%')
		)
		 
		 
			order by recall_date desc
		)t

		)
		  
	WHERE rn &gt;=:10  and rn &lt;=:11 , OriginalSql = select * from (
		select t.* ,rownum as rn
		from(
		  
			select distinct * from recall_table where
		 
		 
		  
		( 
			UPPER(REPLACE(brand,' ','')) LIKE UPPER('%' || ? || '%') or 
            UPPER(REPLACE(car_name,' ','')) LIKE UPPER('%' || ? || '%') or   
            UPPER(REPLACE(recall_reason,' ','') LIKE UPPER('%' || ? || '%')
		)
		 
		 
		 and 
		( 
			UPPER(REPLACE(brand,' ','')) LIKE UPPER('%' || ? || '%') or 
            UPPER(REPLACE(car_name,' ','')) LIKE UPPER('%' || ? || '%') or   
            UPPER(REPLACE(recall_reason,' ','') LIKE UPPER('%' || ? || '%')
		)
		 
		 
		 and 
		( 
			UPPER(REPLACE(brand,' ','')) LIKE UPPER('%' || ? || '%') or 
            UPPER(REPLACE(car_name,' ','')) LIKE UPPER('%' || ? || '%') or   
            UPPER(REPLACE(recall_reason,' ','') LIKE UPPER('%' || ? || '%')
		)
		 
		 
			order by recall_date desc
		)t

		)
		  
	WHERE rn &gt;=? and rn &lt;=?, Error Msg = ORA-00907: missing right parenthesis
&#13;
	at oracle.jdbc.driver.T4CTTIoer11.processError(T4CTTIoer11.java:513)&#13;
	... 69 more&#13;
&#13;
</error>
    </testcase>
  </testsuite>
</testrun>
